#
# There is insufficient memory for the Java Runtime Environment to continue.
# Native memory allocation (malloc) failed to allocate 1484496 bytes for Chunk::new
# Possible reasons:
#   The system is out of physical RAM or swap space
#   The process is running with CompressedOops enabled, and the Java Heap may be blocking the growth of the native heap
# Possible solutions:
#   Reduce memory load on the system
#   Increase physical memory or swap space
#   Check if swap backing store is full
#   Decrease Java heap size (-Xmx/-Xms)
#   Decrease number of Java threads
#   Decrease Java thread stack sizes (-Xss)
#   Set larger code cache with -XX:ReservedCodeCacheSize=
#   JVM is running with Unscaled Compressed Oops mode in which the Java heap is
#     placed in the first 4GB address space. The Java Heap base address is the
#     maximum limit for the native heap growth. Please use -XX:HeapBaseMinAddress
#     to set the Java Heap base and to place the Java Heap above 4GB virtual address.
# This output file may be truncated or incomplete.
#
#  Out of Memory Error (arena.cpp:189), pid=23084, tid=28280
#
# JRE version: Java(TM) SE Runtime Environment (17.0.18+8) (build 17.0.18+8-LTS-264)
# Java VM: Java HotSpot(TM) 64-Bit Server VM (17.0.18+8-LTS-264, mixed mode, sharing, tiered, compressed oops, compressed class ptrs, g1 gc, windows-amd64)
# No core dump will be written. Minidumps are not enabled by default on client versions of Windows
#

---------------  S U M M A R Y ------------

Command Line: --enable-native-access=ALL-UNNAMED -Dclassworlds.conf=C:\Users\yangx\.m2\wrapper\dists\apache-maven-3.9.12\59fe215c0ad6947fea90184bf7add084544567b927287592651fda3782e0e798\bin\m2.conf -Dmaven.home=C:\Users\yangx\.m2\wrapper\dists\apache-maven-3.9.12\59fe215c0ad6947fea90184bf7add084544567b927287592651fda3782e0e798 -Dlibrary.jansi.path=C:\Users\yangx\.m2\wrapper\dists\apache-maven-3.9.12\59fe215c0ad6947fea90184bf7add084544567b927287592651fda3782e0e798\lib\jansi-native -Dmaven.multiModuleProjectDirectory=C:\Users\yangx\Desktop\Developing\AutoAttend\atuo_attend_backend org.codehaus.plexus.classworlds.launcher.Launcher -q -DskipTests compile

Host: 12th Gen Intel(R) Core(TM) i7-12650H, 2 cores, 7G,  Windows 11 , 64 bit Build 26100 (10.0.26100.7920)
Time: Mon Apr  6 14:50:38 2026  Windows 11 , 64 bit Build 26100 (10.0.26100.7920) elapsed time: 5.781664 seconds (0d 0h 0m 5s)

---------------  T H R E A D  ---------------

Current thread (0x0000024d584971b0):  JavaThread "C2 CompilerThread0" daemon [_thread_in_native, id=28280, stack(0x000000e6bdf00000,0x000000e6be000000)]


Current CompileTask:
C2:   5782 3621   !   4       org.codehaus.plexus.interpolation.StringSearchInterpolator::interpolate (692 bytes)

Stack: [0x000000e6bdf00000,0x000000e6be000000]
Native frames: (J=compiled Java code, j=interpreted, Vv=VM code, C=native code)
V  [jvm.dll+0x67ea1a]
V  [jvm.dll+0x7de97b]
V  [jvm.dll+0x7e02be]
V  [jvm.dll+0x7e0943]
V  [jvm.dll+0x247a9f]
V  [jvm.dll+0xaca25]
V  [jvm.dll+0xacfec]
V  [jvm.dll+0x365a8f]
V  [jvm.dll+0x32ff6f]
V  [jvm.dll+0x32f3da]
V  [jvm.dll+0x218d19]
V  [jvm.dll+0x21814f]
V  [jvm.dll+0x1a4440]
V  [jvm.dll+0x22873e]
V  [jvm.dll+0x2268e6]
V  [jvm.dll+0x795657]
V  [jvm.dll+0x78fb5a]
V  [jvm.dll+0x67d8f5]
C  [ucrtbase.dll+0x37b0]
C  [KERNEL32.DLL+0x2e8d7]
C  [ntdll.dll+0x8c48c]


---------------  P R O C E S S  ---------------

Threads class SMR info:
_java_thread_list=0x0000024d9e7caac0, length=12, elements={
0x0000024d38f71210, 0x0000024d584725e0, 0x0000024d58473190, 0x0000024d58492700,
0x0000024d584950c0, 0x0000024d58495a70, 0x0000024d58496420, 0x0000024d584971b0,
0x0000024d5849b580, 0x0000024d5850dce0, 0x0000024d5863df80, 0x0000024d58647850
}

Java Threads: ( => current thread )
  0x0000024d38f71210 JavaThread "main" [_thread_in_native, id=29576, stack(0x000000e6bd200000,0x000000e6bd300000)]
  0x0000024d584725e0 JavaThread "Reference Handler" daemon [_thread_blocked, id=20972, stack(0x000000e6bd900000,0x000000e6bda00000)]
  0x0000024d58473190 JavaThread "Finalizer" daemon [_thread_blocked, id=12360, stack(0x000000e6bda00000,0x000000e6bdb00000)]
  0x0000024d58492700 JavaThread "Signal Dispatcher" daemon [_thread_blocked, id=18276, stack(0x000000e6bdb00000,0x000000e6bdc00000)]
  0x0000024d584950c0 JavaThread "Attach Listener" daemon [_thread_blocked, id=30168, stack(0x000000e6bdc00000,0x000000e6bdd00000)]
  0x0000024d58495a70 JavaThread "Service Thread" daemon [_thread_blocked, id=19096, stack(0x000000e6bdd00000,0x000000e6bde00000)]
  0x0000024d58496420 JavaThread "Monitor Deflation Thread" daemon [_thread_blocked, id=15444, stack(0x000000e6bde00000,0x000000e6bdf00000)]
=>0x0000024d584971b0 JavaThread "C2 CompilerThread0" daemon [_thread_in_native, id=28280, stack(0x000000e6bdf00000,0x000000e6be000000)]
  0x0000024d5849b580 JavaThread "C1 CompilerThread0" daemon [_thread_blocked, id=9312, stack(0x000000e6be000000,0x000000e6be100000)]
  0x0000024d5850dce0 JavaThread "Sweeper thread" daemon [_thread_blocked, id=23548, stack(0x000000e6be100000,0x000000e6be200000)]
  0x0000024d5863df80 JavaThread "Notification Thread" daemon [_thread_blocked, id=20548, stack(0x000000e6be200000,0x000000e6be300000)]
  0x0000024d58647850 JavaThread "Common-Cleaner" daemon [_thread_blocked, id=29224, stack(0x000000e6be400000,0x000000e6be500000)]

Other Threads:
  0x0000024d5846a810 VMThread "VM Thread" [stack: 0x000000e6bd800000,0x000000e6bd900000] [id=5208]
  0x0000024d5863e450 WatcherThread [stack: 0x000000e6be300000,0x000000e6be400000] [id=30368]
  0x0000024d38fcd9c0 GCTaskThread "GC Thread#0" [stack: 0x000000e6bd300000,0x000000e6bd400000] [id=20964]
  0x0000024d58917ba0 GCTaskThread "GC Thread#1" [stack: 0x000000e6be600000,0x000000e6be700000] [id=9524]
  0x0000024d38fde910 ConcurrentGCThread "G1 Main Marker" [stack: 0x000000e6bd400000,0x000000e6bd500000] [id=7652]
  0x0000024d38fe1000 ConcurrentGCThread "G1 Conc#0" [stack: 0x000000e6bd500000,0x000000e6bd600000] [id=16456]
  0x0000024d3903d820 ConcurrentGCThread "G1 Refine#0" [stack: 0x000000e6bd600000,0x000000e6bd700000] [id=5508]
  0x0000024d3903e250 ConcurrentGCThread "G1 Service" [stack: 0x000000e6bd700000,0x000000e6bd800000] [id=30028]

Threads with active compile tasks:
C2 CompilerThread0     5823 3621   !   4       org.codehaus.plexus.interpolation.StringSearchInterpolator::interpolate (692 bytes)

VM state: not at safepoint (normal execution)

VM Mutex/Monitor currently owned by a thread: None

Heap address: 0x0000000080000000, size: 2048 MB, Compressed Oops mode: 32-bit

CDS archive(s) mapped at: [0x0000024d59000000-0x0000024d59bd0000-0x0000024d59bd0000), size 12386304, SharedBaseAddress: 0x0000024d59000000, ArchiveRelocationMode: 1.
Compressed class space mapped at: 0x0000024d5a000000-0x0000024d9a000000, reserved size: 1073741824
Narrow klass base: 0x0000024d59000000, Narrow klass shift: 0, Narrow klass range: 0x100000000

GC Precious Log:
 CPUs: 2 total, 2 available
 Memory: 8190M
 Large Page Support: Disabled
 NUMA Support: Disabled
 Compressed Oops: Enabled (32-bit)
 Heap Region Size: 1M
 Heap Min Capacity: 8M
 Heap Initial Capacity: 128M
 Heap Max Capacity: 2G
 Pre-touch: Disabled
 Parallel Workers: 2
 Concurrent Workers: 1
 Concurrent Refinement Workers: 2
 Periodic GC: Disabled

Heap:
 garbage-first heap   total 131072K, used 57310K [0x0000000080000000, 0x0000000100000000)
  region size 1024K, 55 young (56320K), 5 survivors (5120K)
 Metaspace       used 15437K, committed 15680K, reserved 1114112K
  class space    used 1833K, committed 1920K, reserved 1048576K

Heap Regions: E=young(eden), S=young(survivor), O=old, HS=humongous(starts), HC=humongous(continues), CS=collection set, F=free, OA=open archive, CA=closed archive, TAMS=top-at-mark-start (previous, next)
|   0|0x0000000080000000, 0x0000000080100000, 0x0000000080100000|100%| O|  |TAMS 0x0000000080000000, 0x0000000080000000| Untracked 
|   1|0x0000000080100000, 0x0000000080200000, 0x0000000080200000|100%| O|  |TAMS 0x0000000080100000, 0x0000000080100000| Untracked 
|   2|0x0000000080200000, 0x0000000080228000, 0x0000000080300000| 15%| O|  |TAMS 0x0000000080200000, 0x0000000080200000| Untracked 
|   3|0x0000000080300000, 0x0000000080300000, 0x0000000080400000|  0%| F|  |TAMS 0x0000000080300000, 0x0000000080300000| Untracked 
|   4|0x0000000080400000, 0x0000000080400000, 0x0000000080500000|  0%| F|  |TAMS 0x0000000080400000, 0x0000000080400000| Untracked 
|   5|0x0000000080500000, 0x0000000080500000, 0x0000000080600000|  0%| F|  |TAMS 0x0000000080500000, 0x0000000080500000| Untracked 
|   6|0x0000000080600000, 0x0000000080600000, 0x0000000080700000|  0%| F|  |TAMS 0x0000000080600000, 0x0000000080600000| Untracked 
|   7|0x0000000080700000, 0x0000000080700000, 0x0000000080800000|  0%| F|  |TAMS 0x0000000080700000, 0x0000000080700000| Untracked 
|   8|0x0000000080800000, 0x0000000080800000, 0x0000000080900000|  0%| F|  |TAMS 0x0000000080800000, 0x0000000080800000| Untracked 
|   9|0x0000000080900000, 0x0000000080900000, 0x0000000080a00000|  0%| F|  |TAMS 0x0000000080900000, 0x0000000080900000| Untracked 
|  10|0x0000000080a00000, 0x0000000080a00000, 0x0000000080b00000|  0%| F|  |TAMS 0x0000000080a00000, 0x0000000080a00000| Untracked 
|  11|0x0000000080b00000, 0x0000000080b00000, 0x0000000080c00000|  0%| F|  |TAMS 0x0000000080b00000, 0x0000000080b00000| Untracked 
|  12|0x0000000080c00000, 0x0000000080c00000, 0x0000000080d00000|  0%| F|  |TAMS 0x0000000080c00000, 0x0000000080c00000| Untracked 
|  13|0x0000000080d00000, 0x0000000080d00000, 0x0000000080e00000|  0%| F|  |TAMS 0x0000000080d00000, 0x0000000080d00000| Untracked 
|  14|0x0000000080e00000, 0x0000000080e00000, 0x0000000080f00000|  0%| F|  |TAMS 0x0000000080e00000, 0x0000000080e00000| Untracked 
|  15|0x0000000080f00000, 0x0000000080f00000, 0x0000000081000000|  0%| F|  |TAMS 0x0000000080f00000, 0x0000000080f00000| Untracked 
|  16|0x0000000081000000, 0x0000000081000000, 0x0000000081100000|  0%| F|  |TAMS 0x0000000081000000, 0x0000000081000000| Untracked 
|  17|0x0000000081100000, 0x0000000081100000, 0x0000000081200000|  0%| F|  |TAMS 0x0000000081100000, 0x0000000081100000| Untracked 
|  18|0x0000000081200000, 0x0000000081200000, 0x0000000081300000|  0%| F|  |TAMS 0x0000000081200000, 0x0000000081200000| Untracked 
|  19|0x0000000081300000, 0x0000000081300000, 0x0000000081400000|  0%| F|  |TAMS 0x0000000081300000, 0x0000000081300000| Untracked 
|  20|0x0000000081400000, 0x0000000081400000, 0x0000000081500000|  0%| F|  |TAMS 0x0000000081400000, 0x0000000081400000| Untracked 
|  21|0x0000000081500000, 0x0000000081500000, 0x0000000081600000|  0%| F|  |TAMS 0x0000000081500000, 0x0000000081500000| Untracked 
|  22|0x0000000081600000, 0x0000000081600000, 0x0000000081700000|  0%| F|  |TAMS 0x0000000081600000, 0x0000000081600000| Untracked 
|  23|0x0000000081700000, 0x0000000081700000, 0x0000000081800000|  0%| F|  |TAMS 0x0000000081700000, 0x0000000081700000| Untracked 
|  24|0x0000000081800000, 0x0000000081800000, 0x0000000081900000|  0%| F|  |TAMS 0x0000000081800000, 0x0000000081800000| Untracked 
|  25|0x0000000081900000, 0x0000000081900000, 0x0000000081a00000|  0%| F|  |TAMS 0x0000000081900000, 0x0000000081900000| Untracked 
|  26|0x0000000081a00000, 0x0000000081a00000, 0x0000000081b00000|  0%| F|  |TAMS 0x0000000081a00000, 0x0000000081a00000| Untracked 
|  27|0x0000000081b00000, 0x0000000081b00000, 0x0000000081c00000|  0%| F|  |TAMS 0x0000000081b00000, 0x0000000081b00000| Untracked 
|  28|0x0000000081c00000, 0x0000000081c00000, 0x0000000081d00000|  0%| F|  |TAMS 0x0000000081c00000, 0x0000000081c00000| Untracked 
|  29|0x0000000081d00000, 0x0000000081d00000, 0x0000000081e00000|  0%| F|  |TAMS 0x0000000081d00000, 0x0000000081d00000| Untracked 
|  30|0x0000000081e00000, 0x0000000081e00000, 0x0000000081f00000|  0%| F|  |TAMS 0x0000000081e00000, 0x0000000081e00000| Untracked 
|  31|0x0000000081f00000, 0x0000000081f00000, 0x0000000082000000|  0%| F|  |TAMS 0x0000000081f00000, 0x0000000081f00000| Untracked 
|  32|0x0000000082000000, 0x0000000082000000, 0x0000000082100000|  0%| F|  |TAMS 0x0000000082000000, 0x0000000082000000| Untracked 
|  33|0x0000000082100000, 0x0000000082100000, 0x0000000082200000|  0%| F|  |TAMS 0x0000000082100000, 0x0000000082100000| Untracked 
|  34|0x0000000082200000, 0x0000000082200000, 0x0000000082300000|  0%| F|  |TAMS 0x0000000082200000, 0x0000000082200000| Untracked 
|  35|0x0000000082300000, 0x0000000082300000, 0x0000000082400000|  0%| F|  |TAMS 0x0000000082300000, 0x0000000082300000| Untracked 
|  36|0x0000000082400000, 0x0000000082400000, 0x0000000082500000|  0%| F|  |TAMS 0x0000000082400000, 0x0000000082400000| Untracked 
|  37|0x0000000082500000, 0x0000000082500000, 0x0000000082600000|  0%| F|  |TAMS 0x0000000082500000, 0x0000000082500000| Untracked 
|  38|0x0000000082600000, 0x0000000082600000, 0x0000000082700000|  0%| F|  |TAMS 0x0000000082600000, 0x0000000082600000| Untracked 
|  39|0x0000000082700000, 0x0000000082700000, 0x0000000082800000|  0%| F|  |TAMS 0x0000000082700000, 0x0000000082700000| Untracked 
|  40|0x0000000082800000, 0x0000000082800000, 0x0000000082900000|  0%| F|  |TAMS 0x0000000082800000, 0x0000000082800000| Untracked 
|  41|0x0000000082900000, 0x0000000082900000, 0x0000000082a00000|  0%| F|  |TAMS 0x0000000082900000, 0x0000000082900000| Untracked 
|  42|0x0000000082a00000, 0x0000000082a00000, 0x0000000082b00000|  0%| F|  |TAMS 0x0000000082a00000, 0x0000000082a00000| Untracked 
|  43|0x0000000082b00000, 0x0000000082b00000, 0x0000000082c00000|  0%| F|  |TAMS 0x0000000082b00000, 0x0000000082b00000| Untracked 
|  44|0x0000000082c00000, 0x0000000082c00000, 0x0000000082d00000|  0%| F|  |TAMS 0x0000000082c00000, 0x0000000082c00000| Untracked 
|  45|0x0000000082d00000, 0x0000000082d00000, 0x0000000082e00000|  0%| F|  |TAMS 0x0000000082d00000, 0x0000000082d00000| Untracked 
|  46|0x0000000082e00000, 0x0000000082e00000, 0x0000000082f00000|  0%| F|  |TAMS 0x0000000082e00000, 0x0000000082e00000| Untracked 
|  47|0x0000000082f00000, 0x0000000082f00000, 0x0000000083000000|  0%| F|  |TAMS 0x0000000082f00000, 0x0000000082f00000| Untracked 
|  48|0x0000000083000000, 0x0000000083000000, 0x0000000083100000|  0%| F|  |TAMS 0x0000000083000000, 0x0000000083000000| Untracked 
|  49|0x0000000083100000, 0x0000000083100000, 0x0000000083200000|  0%| F|  |TAMS 0x0000000083100000, 0x0000000083100000| Untracked 
|  50|0x0000000083200000, 0x0000000083200000, 0x0000000083300000|  0%| F|  |TAMS 0x0000000083200000, 0x0000000083200000| Untracked 
|  51|0x0000000083300000, 0x0000000083300000, 0x0000000083400000|  0%| F|  |TAMS 0x0000000083300000, 0x0000000083300000| Untracked 
|  52|0x0000000083400000, 0x0000000083400000, 0x0000000083500000|  0%| F|  |TAMS 0x0000000083400000, 0x0000000083400000| Untracked 
|  53|0x0000000083500000, 0x0000000083500000, 0x0000000083600000|  0%| F|  |TAMS 0x0000000083500000, 0x0000000083500000| Untracked 
|  54|0x0000000083600000, 0x0000000083600000, 0x0000000083700000|  0%| F|  |TAMS 0x0000000083600000, 0x0000000083600000| Untracked 
|  55|0x0000000083700000, 0x0000000083700000, 0x0000000083800000|  0%| F|  |TAMS 0x0000000083700000, 0x0000000083700000| Untracked 
|  56|0x0000000083800000, 0x0000000083800000, 0x0000000083900000|  0%| F|  |TAMS 0x0000000083800000, 0x0000000083800000| Untracked 
|  57|0x0000000083900000, 0x0000000083900000, 0x0000000083a00000|  0%| F|  |TAMS 0x0000000083900000, 0x0000000083900000| Untracked 
|  58|0x0000000083a00000, 0x0000000083a00000, 0x0000000083b00000|  0%| F|  |TAMS 0x0000000083a00000, 0x0000000083a00000| Untracked 
|  59|0x0000000083b00000, 0x0000000083b00000, 0x0000000083c00000|  0%| F|  |TAMS 0x0000000083b00000, 0x0000000083b00000| Untracked 
|  60|0x0000000083c00000, 0x0000000083c00000, 0x0000000083d00000|  0%| F|  |TAMS 0x0000000083c00000, 0x0000000083c00000| Untracked 
|  61|0x0000000083d00000, 0x0000000083d00000, 0x0000000083e00000|  0%| F|  |TAMS 0x0000000083d00000, 0x0000000083d00000| Untracked 
|  62|0x0000000083e00000, 0x0000000083e00000, 0x0000000083f00000|  0%| F|  |TAMS 0x0000000083e00000, 0x0000000083e00000| Untracked 
|  63|0x0000000083f00000, 0x0000000083f00000, 0x0000000084000000|  0%| F|  |TAMS 0x0000000083f00000, 0x0000000083f00000| Untracked 
|  64|0x0000000084000000, 0x0000000084000000, 0x0000000084100000|  0%| F|  |TAMS 0x0000000084000000, 0x0000000084000000| Untracked 
|  65|0x0000000084100000, 0x0000000084100000, 0x0000000084200000|  0%| F|  |TAMS 0x0000000084100000, 0x0000000084100000| Untracked 
|  66|0x0000000084200000, 0x0000000084200000, 0x0000000084300000|  0%| F|  |TAMS 0x0000000084200000, 0x0000000084200000| Untracked 
|  67|0x0000000084300000, 0x0000000084300000, 0x0000000084400000|  0%| F|  |TAMS 0x0000000084300000, 0x0000000084300000| Untracked 
|  68|0x0000000084400000, 0x00000000844cf9f0, 0x0000000084500000| 81%| S|CS|TAMS 0x0000000084400000, 0x0000000084400000| Complete 
|  69|0x0000000084500000, 0x0000000084600000, 0x0000000084600000|100%| S|CS|TAMS 0x0000000084500000, 0x0000000084500000| Complete 
|  70|0x0000000084600000, 0x0000000084700000, 0x0000000084700000|100%| S|CS|TAMS 0x0000000084600000, 0x0000000084600000| Complete 
|  71|0x0000000084700000, 0x0000000084800000, 0x0000000084800000|100%| S|CS|TAMS 0x0000000084700000, 0x0000000084700000| Complete 
|  72|0x0000000084800000, 0x0000000084900000, 0x0000000084900000|100%| S|CS|TAMS 0x0000000084800000, 0x0000000084800000| Complete 
|  73|0x0000000084900000, 0x0000000084900000, 0x0000000084a00000|  0%| F|  |TAMS 0x0000000084900000, 0x0000000084900000| Untracked 
|  74|0x0000000084a00000, 0x0000000084a00000, 0x0000000084b00000|  0%| F|  |TAMS 0x0000000084a00000, 0x0000000084a00000| Untracked 
|  75|0x0000000084b00000, 0x0000000084b00000, 0x0000000084c00000|  0%| F|  |TAMS 0x0000000084b00000, 0x0000000084b00000| Untracked 
|  76|0x0000000084c00000, 0x0000000084c00000, 0x0000000084d00000|  0%| F|  |TAMS 0x0000000084c00000, 0x0000000084c00000| Untracked 
|  77|0x0000000084d00000, 0x0000000084d00000, 0x0000000084e00000|  0%| F|  |TAMS 0x0000000084d00000, 0x0000000084d00000| Untracked 
|  78|0x0000000084e00000, 0x0000000084f00000, 0x0000000084f00000|100%| E|  |TAMS 0x0000000084e00000, 0x0000000084e00000| Complete 
|  79|0x0000000084f00000, 0x0000000085000000, 0x0000000085000000|100%| E|CS|TAMS 0x0000000084f00000, 0x0000000084f00000| Complete 
|  80|0x0000000085000000, 0x0000000085100000, 0x0000000085100000|100%| E|CS|TAMS 0x0000000085000000, 0x0000000085000000| Complete 
|  81|0x0000000085100000, 0x0000000085200000, 0x0000000085200000|100%| E|CS|TAMS 0x0000000085100000, 0x0000000085100000| Complete 
|  82|0x0000000085200000, 0x0000000085300000, 0x0000000085300000|100%| E|CS|TAMS 0x0000000085200000, 0x0000000085200000| Complete 
|  83|0x0000000085300000, 0x0000000085400000, 0x0000000085400000|100%| E|CS|TAMS 0x0000000085300000, 0x0000000085300000| Complete 
|  84|0x0000000085400000, 0x0000000085500000, 0x0000000085500000|100%| E|CS|TAMS 0x0000000085400000, 0x0000000085400000| Complete 
|  85|0x0000000085500000, 0x0000000085600000, 0x0000000085600000|100%| E|CS|TAMS 0x0000000085500000, 0x0000000085500000| Complete 
|  86|0x0000000085600000, 0x0000000085700000, 0x0000000085700000|100%| E|CS|TAMS 0x0000000085600000, 0x0000000085600000| Complete 
|  87|0x0000000085700000, 0x0000000085800000, 0x0000000085800000|100%| E|CS|TAMS 0x0000000085700000, 0x0000000085700000| Complete 
|  88|0x0000000085800000, 0x0000000085900000, 0x0000000085900000|100%| E|CS|TAMS 0x0000000085800000, 0x0000000085800000| Complete 
|  89|0x0000000085900000, 0x0000000085a00000, 0x0000000085a00000|100%| E|CS|TAMS 0x0000000085900000, 0x0000000085900000| Complete 
|  90|0x0000000085a00000, 0x0000000085b00000, 0x0000000085b00000|100%| E|CS|TAMS 0x0000000085a00000, 0x0000000085a00000| Complete 
|  91|0x0000000085b00000, 0x0000000085c00000, 0x0000000085c00000|100%| E|CS|TAMS 0x0000000085b00000, 0x0000000085b00000| Complete 
|  92|0x0000000085c00000, 0x0000000085d00000, 0x0000000085d00000|100%| E|CS|TAMS 0x0000000085c00000, 0x0000000085c00000| Complete 
|  93|0x0000000085d00000, 0x0000000085e00000, 0x0000000085e00000|100%| E|CS|TAMS 0x0000000085d00000, 0x0000000085d00000| Complete 
|  94|0x0000000085e00000, 0x0000000085f00000, 0x0000000085f00000|100%| E|CS|TAMS 0x0000000085e00000, 0x0000000085e00000| Complete 
|  95|0x0000000085f00000, 0x0000000086000000, 0x0000000086000000|100%| E|CS|TAMS 0x0000000085f00000, 0x0000000085f00000| Complete 
|  96|0x0000000086000000, 0x0000000086100000, 0x0000000086100000|100%| E|CS|TAMS 0x0000000086000000, 0x0000000086000000| Complete 
|  97|0x0000000086100000, 0x0000000086200000, 0x0000000086200000|100%| E|CS|TAMS 0x0000000086100000, 0x0000000086100000| Complete 
|  98|0x0000000086200000, 0x0000000086300000, 0x0000000086300000|100%| E|CS|TAMS 0x0000000086200000, 0x0000000086200000| Complete 
|  99|0x0000000086300000, 0x0000000086400000, 0x0000000086400000|100%| E|CS|TAMS 0x0000000086300000, 0x0000000086300000| Complete 
| 100|0x0000000086400000, 0x0000000086500000, 0x0000000086500000|100%| E|CS|TAMS 0x0000000086400000, 0x0000000086400000| Complete 
| 101|0x0000000086500000, 0x0000000086600000, 0x0000000086600000|100%| E|CS|TAMS 0x0000000086500000, 0x0000000086500000| Complete 
| 102|0x0000000086600000, 0x0000000086700000, 0x0000000086700000|100%| E|CS|TAMS 0x0000000086600000, 0x0000000086600000| Complete 
| 103|0x0000000086700000, 0x0000000086800000, 0x0000000086800000|100%| E|CS|TAMS 0x0000000086700000, 0x0000000086700000| Complete 
| 104|0x0000000086800000, 0x0000000086900000, 0x0000000086900000|100%| E|CS|TAMS 0x0000000086800000, 0x0000000086800000| Complete 
| 105|0x0000000086900000, 0x0000000086a00000, 0x0000000086a00000|100%| E|CS|TAMS 0x0000000086900000, 0x0000000086900000| Complete 
| 106|0x0000000086a00000, 0x0000000086b00000, 0x0000000086b00000|100%| E|CS|TAMS 0x0000000086a00000, 0x0000000086a00000| Complete 
| 107|0x0000000086b00000, 0x0000000086c00000, 0x0000000086c00000|100%| E|CS|TAMS 0x0000000086b00000, 0x0000000086b00000| Complete 
| 108|0x0000000086c00000, 0x0000000086d00000, 0x0000000086d00000|100%| E|CS|TAMS 0x0000000086c00000, 0x0000000086c00000| Complete 
| 109|0x0000000086d00000, 0x0000000086e00000, 0x0000000086e00000|100%| E|CS|TAMS 0x0000000086d00000, 0x0000000086d00000| Complete 
| 110|0x0000000086e00000, 0x0000000086f00000, 0x0000000086f00000|100%| E|CS|TAMS 0x0000000086e00000, 0x0000000086e00000| Complete 
| 111|0x0000000086f00000, 0x0000000087000000, 0x0000000087000000|100%| E|CS|TAMS 0x0000000086f00000, 0x0000000086f00000| Complete 
| 112|0x0000000087000000, 0x0000000087100000, 0x0000000087100000|100%| E|CS|TAMS 0x0000000087000000, 0x0000000087000000| Complete 
| 113|0x0000000087100000, 0x0000000087200000, 0x0000000087200000|100%| E|CS|TAMS 0x0000000087100000, 0x0000000087100000| Complete 
| 114|0x0000000087200000, 0x0000000087300000, 0x0000000087300000|100%| E|CS|TAMS 0x0000000087200000, 0x0000000087200000| Complete 
| 115|0x0000000087300000, 0x0000000087400000, 0x0000000087400000|100%| E|CS|TAMS 0x0000000087300000, 0x0000000087300000| Complete 
| 116|0x0000000087400000, 0x0000000087500000, 0x0000000087500000|100%| E|CS|TAMS 0x0000000087400000, 0x0000000087400000| Complete 
| 117|0x0000000087500000, 0x0000000087600000, 0x0000000087600000|100%| E|CS|TAMS 0x0000000087500000, 0x0000000087500000| Complete 
| 118|0x0000000087600000, 0x0000000087700000, 0x0000000087700000|100%| E|CS|TAMS 0x0000000087600000, 0x0000000087600000| Complete 
| 119|0x0000000087700000, 0x0000000087800000, 0x0000000087800000|100%| E|CS|TAMS 0x0000000087700000, 0x0000000087700000| Complete 
| 120|0x0000000087800000, 0x0000000087900000, 0x0000000087900000|100%| E|CS|TAMS 0x0000000087800000, 0x0000000087800000| Complete 
| 121|0x0000000087900000, 0x0000000087a00000, 0x0000000087a00000|100%| E|CS|TAMS 0x0000000087900000, 0x0000000087900000| Complete 
| 122|0x0000000087a00000, 0x0000000087b00000, 0x0000000087b00000|100%| E|CS|TAMS 0x0000000087a00000, 0x0000000087a00000| Complete 
| 123|0x0000000087b00000, 0x0000000087c00000, 0x0000000087c00000|100%| E|CS|TAMS 0x0000000087b00000, 0x0000000087b00000| Complete 
| 124|0x0000000087c00000, 0x0000000087d00000, 0x0000000087d00000|100%| E|CS|TAMS 0x0000000087c00000, 0x0000000087c00000| Complete 
| 125|0x0000000087d00000, 0x0000000087e00000, 0x0000000087e00000|100%| E|CS|TAMS 0x0000000087d00000, 0x0000000087d00000| Complete 
| 126|0x0000000087e00000, 0x0000000087f00000, 0x0000000087f00000|100%| E|CS|TAMS 0x0000000087e00000, 0x0000000087e00000| Complete 
| 127|0x0000000087f00000, 0x0000000088000000, 0x0000000088000000|100%| E|CS|TAMS 0x0000000087f00000, 0x0000000087f00000| Complete 

Card table byte_map: [0x0000024d518f0000,0x0000024d51cf0000] _byte_map_base: 0x0000024d514f0000

Marking Bits (Prev, Next): (CMBitMap*) 0x0000024d38fcdfe0, (CMBitMap*) 0x0000024d38fce020
 Prev Bits: [0x0000024d520f0000, 0x0000024d540f0000)
 Next Bits: [0x0000024d540f0000, 0x0000024d560f0000)

Polling page: 0x0000024d39050000

Metaspace:

Usage:
  Non-class:     13.28 MB used.
      Class:      1.79 MB used.
       Both:     15.08 MB used.

Virtual space:
  Non-class space:       64.00 MB reserved,      13.44 MB ( 21%) committed,  1 nodes.
      Class space:        1.00 GB reserved,       1.88 MB ( <1%) committed,  1 nodes.
             Both:        1.06 GB reserved,      15.31 MB (  1%) committed. 

Chunk freelists:
   Non-Class:  2.03 MB
       Class:  13.97 MB
        Both:  16.00 MB

MaxMetaspaceSize: unlimited
CompressedClassSpaceSize: 1.00 GB
Initial GC threshold: 21.00 MB
Current GC threshold: 21.00 MB
CDS: on
MetaspaceReclaimPolicy: balanced
 - commit_granule_bytes: 65536.
 - commit_granule_words: 8192.
 - virtual_space_node_default_size: 8388608.
 - enlarge_chunks_in_place: 1.
 - new_chunks_are_fully_committed: 0.
 - uncommit_free_chunks: 1.
 - use_allocation_guard: 0.
 - handle_deallocations: 1.


Internal statistics:

num_allocs_failed_limit: 0.
num_arena_births: 96.
num_arena_deaths: 0.
num_vsnodes_births: 2.
num_vsnodes_deaths: 0.
num_space_committed: 245.
num_space_uncommitted: 0.
num_chunks_returned_to_freelist: 0.
num_chunks_taken_from_freelist: 648.
num_chunk_merges: 0.
num_chunk_splits: 429.
num_chunks_enlarged: 341.
num_inconsistent_stats: 0.

CodeHeap 'non-profiled nmethods': size=120064Kb used=1680Kb max_used=1680Kb free=118383Kb
 bounds [0x0000024d49bb0000, 0x0000024d49e20000, 0x0000024d510f0000]
CodeHeap 'profiled nmethods': size=120000Kb used=7750Kb max_used=7750Kb free=112249Kb
 bounds [0x0000024d420f0000, 0x0000024d42890000, 0x0000024d49620000]
CodeHeap 'non-nmethods': size=5696Kb used=1173Kb max_used=1209Kb free=4523Kb
 bounds [0x0000024d49620000, 0x0000024d49890000, 0x0000024d49bb0000]
 total_blobs=4229 nmethods=3765 adapters=376
 compilation: enabled
              stopped_count=0, restarted_count=0
 full_count=0

Compilation events (20 events):
Event: 5.768 Thread 0x0000024d5849b580 nmethod 3687 0x0000024d42859a90 code [0x0000024d42859c60, 0x0000024d4285a078]
Event: 5.769 Thread 0x0000024d5849b580 3688       3       org.apache.maven.model.Model::getDevelopers (23 bytes)
Event: 5.769 Thread 0x0000024d5849b580 nmethod 3688 0x0000024d4285a210 code [0x0000024d4285a3e0, 0x0000024d4285a7d8]
Event: 5.774 Thread 0x0000024d5849b580 3689       1       org.eclipse.aether.resolution.ArtifactDescriptorResult::getDependencies (5 bytes)
Event: 5.774 Thread 0x0000024d5849b580 nmethod 3689 0x0000024d49d4b810 code [0x0000024d49d4b9a0, 0x0000024d49d4ba78]
Event: 5.775 Thread 0x0000024d5849b580 3690       3       java.nio.MappedByteBuffer::position (6 bytes)
Event: 5.776 Thread 0x0000024d5849b580 nmethod 3690 0x0000024d4285a910 code [0x0000024d4285aac0, 0x0000024d4285acc8]
Event: 5.777 Thread 0x0000024d5849b580 3692       1       org.codehaus.plexus.util.xml.XmlReader::getEncoding (5 bytes)
Event: 5.777 Thread 0x0000024d5849b580 nmethod 3692 0x0000024d49d4bf10 code [0x0000024d49d4c0a0, 0x0000024d49d4c178]
Event: 5.777 Thread 0x0000024d5849b580 3693       3       java.util.LinkedHashMap::keySet (25 bytes)
Event: 5.778 Thread 0x0000024d5849b580 nmethod 3693 0x0000024d4285ae10 code [0x0000024d4285afc0, 0x0000024d4285b398]
Event: 5.778 Thread 0x0000024d5849b580 3694       1       org.eclipse.aether.repository.RemoteRepository::getMirroredRepositories (5 bytes)
Event: 5.778 Thread 0x0000024d5849b580 nmethod 3694 0x0000024d49d4c210 code [0x0000024d49d4c3a0, 0x0000024d49d4c478]
Event: 5.778 Thread 0x0000024d5849b580 3695       3       java.util.LinkedHashMap$LinkedKeySet::iterator (12 bytes)
Event: 5.778 Thread 0x0000024d5849b580 nmethod 3695 0x0000024d4285b510 code [0x0000024d4285b6c0, 0x0000024d4285ba78]
Event: 5.778 Thread 0x0000024d5849b580 3696       3       java.util.LinkedHashMap$LinkedKeyIterator::<init> (11 bytes)
Event: 5.778 Thread 0x0000024d5849b580 nmethod 3696 0x0000024d4285bb90 code [0x0000024d4285bd40, 0x0000024d4285c058]
Event: 5.778 Thread 0x0000024d5849b580 3697   !   3       org.apache.maven.eventspy.internal.EventSpyDispatcher::onEvent (67 bytes)
Event: 5.778 Thread 0x0000024d5849b580 nmethod 3697 0x0000024d4285c190 code [0x0000024d4285c3c0, 0x0000024d4285cb38]
Event: 5.778 Thread 0x0000024d5849b580 3698       3       org.apache.maven.plugin.internal.DefaultPluginValidationManager::onEvent (72 bytes)

GC Heap History (8 events):
Event: 0.814 GC heap before
{Heap before GC invocations=0 (full 0):
 garbage-first heap   total 131072K, used 6144K [0x0000000080000000, 0x0000000100000000)
  region size 1024K, 6 young (6144K), 0 survivors (0K)
 Metaspace       used 1641K, committed 1856K, reserved 1114112K
  class space    used 146K, committed 256K, reserved 1048576K
}
Event: 0.823 GC heap after
{Heap after GC invocations=1 (full 0):
 garbage-first heap   total 131072K, used 2140K [0x0000000080000000, 0x0000000100000000)
  region size 1024K, 1 young (1024K), 1 survivors (1024K)
 Metaspace       used 1641K, committed 1856K, reserved 1114112K
  class space    used 146K, committed 256K, reserved 1048576K
}
Event: 1.233 GC heap before
{Heap before GC invocations=1 (full 0):
 garbage-first heap   total 131072K, used 7260K [0x0000000080000000, 0x0000000100000000)
  region size 1024K, 6 young (6144K), 1 survivors (1024K)
 Metaspace       used 2864K, committed 2944K, reserved 1114112K
  class space    used 297K, committed 320K, reserved 1048576K
}
Event: 1.235 GC heap after
{Heap after GC invocations=2 (full 0):
 garbage-first heap   total 131072K, used 3232K [0x0000000080000000, 0x0000000100000000)
  region size 1024K, 1 young (1024K), 1 survivors (1024K)
 Metaspace       used 2864K, committed 2944K, reserved 1114112K
  class space    used 297K, committed 320K, reserved 1048576K
}
Event: 1.581 GC heap before
{Heap before GC invocations=2 (full 0):
 garbage-first heap   total 131072K, used 11424K [0x0000000080000000, 0x0000000100000000)
  region size 1024K, 10 young (10240K), 1 survivors (1024K)
 Metaspace       used 5344K, committed 5504K, reserved 1114112K
  class space    used 630K, committed 704K, reserved 1048576K
}
Event: 1.583 GC heap after
{Heap after GC invocations=3 (full 0):
 garbage-first heap   total 131072K, used 3844K [0x0000000080000000, 0x0000000100000000)
  region size 1024K, 2 young (2048K), 2 survivors (2048K)
 Metaspace       used 5344K, committed 5504K, reserved 1114112K
  class space    used 630K, committed 704K, reserved 1048576K
}
Event: 3.761 GC heap before
{Heap before GC invocations=3 (full 0):
 garbage-first heap   total 131072K, used 58116K [0x0000000080000000, 0x0000000100000000)
  region size 1024K, 55 young (56320K), 2 survivors (2048K)
 Metaspace       used 12930K, committed 13120K, reserved 1114112K
  class space    used 1587K, committed 1664K, reserved 1048576K
}
Event: 3.782 GC heap after
{Heap after GC invocations=4 (full 0):
 garbage-first heap   total 131072K, used 7134K [0x0000000080000000, 0x0000000100000000)
  region size 1024K, 5 young (5120K), 5 survivors (5120K)
 Metaspace       used 12930K, committed 13120K, reserved 1114112K
  class space    used 1587K, committed 1664K, reserved 1048576K
}

Deoptimization events (20 events):
Event: 5.445 Thread 0x0000024d38f71210 Uncommon trap: trap_request=0xffffff45 fr.pc=0x0000024d49cdebd8 relative=0x00000000000004d8
Event: 5.445 Thread 0x0000024d38f71210 Uncommon trap: reason=unstable_if action=reinterpret pc=0x0000024d49cdebd8 method=org.codehaus.plexus.util.xml.pull.MXParser.isValidCodePoint(I)Z @ 15 c2
Event: 5.445 Thread 0x0000024d38f71210 DEOPT PACKING pc=0x0000024d49cdebd8 sp=0x000000e6bd2fc0b0
Event: 5.445 Thread 0x0000024d38f71210 DEOPT UNPACKING pc=0x0000024d496723a3 sp=0x000000e6bd2fbff8 mode 2
Event: 5.445 Thread 0x0000024d38f71210 Uncommon trap: trap_request=0xffffff45 fr.pc=0x0000024d49cdc8fc relative=0x00000000000013bc
Event: 5.445 Thread 0x0000024d38f71210 Uncommon trap: reason=unstable_if action=reinterpret pc=0x0000024d49cdc8fc method=org.codehaus.plexus.util.xml.pull.MXParser.nextImpl()I @ 280 c2
Event: 5.445 Thread 0x0000024d38f71210 DEOPT PACKING pc=0x0000024d49cdc8fc sp=0x000000e6bd2fbf20
Event: 5.445 Thread 0x0000024d38f71210 DEOPT UNPACKING pc=0x0000024d496723a3 sp=0x000000e6bd2fbec8 mode 2
Event: 5.449 Thread 0x0000024d38f71210 Uncommon trap: trap_request=0xffffff45 fr.pc=0x0000024d49c144ec relative=0x00000000000008ac
Event: 5.449 Thread 0x0000024d38f71210 Uncommon trap: reason=unstable_if action=reinterpret pc=0x0000024d49c144ec method=org.codehaus.plexus.util.xml.pull.MXParser.nextImpl()I @ 978 c2
Event: 5.449 Thread 0x0000024d38f71210 DEOPT PACKING pc=0x0000024d49c144ec sp=0x000000e6bd2fbdc0
Event: 5.449 Thread 0x0000024d38f71210 DEOPT UNPACKING pc=0x0000024d496723a3 sp=0x000000e6bd2fbd48 mode 2
Event: 5.510 Thread 0x0000024d38f71210 DEOPT PACKING pc=0x0000024d42625104 sp=0x000000e6bd2fba70
Event: 5.510 Thread 0x0000024d38f71210 DEOPT UNPACKING pc=0x0000024d49672b43 sp=0x000000e6bd2fafc8 mode 0
Event: 5.518 Thread 0x0000024d38f71210 DEOPT PACKING pc=0x0000024d42625104 sp=0x000000e6bd2fb830
Event: 5.518 Thread 0x0000024d38f71210 DEOPT UNPACKING pc=0x0000024d49672b43 sp=0x000000e6bd2fad88 mode 0
Event: 5.581 Thread 0x0000024d38f71210 Uncommon trap: trap_request=0xffffffcc fr.pc=0x0000024d49d27d84 relative=0x00000000000001e4
Event: 5.581 Thread 0x0000024d38f71210 Uncommon trap: reason=intrinsic_or_type_checked_inlining action=make_not_entrant pc=0x0000024d49d27d84 method=java.util.Arrays.copyOf([Ljava/lang/Object;ILjava/lang/Class;)[Ljava/lang/Object; @ 35 c2
Event: 5.581 Thread 0x0000024d38f71210 DEOPT PACKING pc=0x0000024d49d27d84 sp=0x000000e6bd2fc550
Event: 5.581 Thread 0x0000024d38f71210 DEOPT UNPACKING pc=0x0000024d496723a3 sp=0x000000e6bd2fc4e0 mode 2

Classes unloaded (0 events):
No events

Classes redefined (0 events):
No events

Internal exceptions (20 events):
Event: 0.972 Thread 0x0000024d38f71210 Exception <a 'java/lang/NoSuchMethodError'{0x0000000087ea6060}: 'java.lang.Object java.lang.invoke.DirectMethodHandle$Holder.invokeSpecialIFC(java.lang.Object, java.lang.Object, java.lang.Object, java.lang.Object)'> (0x0000000087ea6060) 
thrown [s\open\src\hotspot\share\interpreter\linkResolver.cpp, line 759]
Event: 1.352 Thread 0x0000024d38f71210 Exception <a 'java/lang/NoSuchMethodError'{0x0000000087de3080}: 'void java.lang.invoke.DirectMethodHandle$Holder.invokeSpecial(java.lang.Object, java.lang.Object, java.lang.Object)'> (0x0000000087de3080) 
thrown [s\open\src\hotspot\share\interpreter\linkResolver.cpp, line 759]
Event: 1.392 Thread 0x0000024d38f71210 Exception <a 'java/lang/NoSuchMethodError'{0x0000000087b59b18}: 'java.lang.Object java.lang.invoke.DirectMethodHandle$Holder.invokeInterface(java.lang.Object, java.lang.Object)'> (0x0000000087b59b18) 
thrown [s\open\src\hotspot\share\interpreter\linkResolver.cpp, line 759]
Event: 1.412 Thread 0x0000024d38f71210 Exception <a 'java/lang/NoSuchMethodError'{0x0000000087912070}: 'java.lang.Object java.lang.invoke.Invokers$Holder.invokeExact_MT(java.lang.Object, java.lang.Object, java.lang.Object, java.lang.Object, java.lang.Object, java.lang.Object)'> (0x0000000087912070) 
thrown [s\open\src\hotspot\share\interpreter\linkResolver.cpp, line 759]
Event: 1.415 Thread 0x0000024d38f71210 Exception <a 'java/lang/NoSuchMethodError'{0x0000000087923510}: 'int java.lang.invoke.DirectMethodHandle$Holder.invokeSpecialIFC(java.lang.Object, java.lang.Object, java.lang.Object, java.lang.Object, java.lang.Object)'> (0x0000000087923510) 
thrown [s\open\src\hotspot\share\interpreter\linkResolver.cpp, line 759]
Event: 1.492 Thread 0x0000024d38f71210 Exception <a 'java/lang/NoSuchMethodError'{0x0000000087705688}: 'java.lang.Object java.lang.invoke.DirectMethodHandle$Holder.newInvokeSpecial(java.lang.Object, java.lang.Object, java.lang.Object, java.lang.Object, java.lang.Object)'> (0x0000000087705688) 
thrown [s\open\src\hotspot\share\interpreter\linkResolver.cpp, line 759]
Event: 1.555 Thread 0x0000024d38f71210 Exception <a 'java/lang/NoSuchMethodError'{0x0000000087636e90}: 'int java.lang.invoke.DirectMethodHandle$Holder.invokeStaticInit(java.lang.Object, java.lang.Object)'> (0x0000000087636e90) 
thrown [s\open\src\hotspot\share\interpreter\linkResolver.cpp, line 759]
Event: 1.566 Thread 0x0000024d38f71210 Exception <a 'java/lang/NoClassDefFoundError'{0x0000000087672420}: javax/enterprise/inject/Typed> (0x0000000087672420) 
thrown [s\open\src\hotspot\share\classfile\systemDictionary.cpp, line 245]
Event: 2.763 Thread 0x0000024d38f71210 Exception <a 'java/lang/NoSuchMethodError'{0x00000000855ebca0}: 'void java.lang.invoke.DirectMethodHandle$Holder.invokeStaticInit(java.lang.Object, java.lang.Object, java.lang.Object)'> (0x00000000855ebca0) 
thrown [s\open\src\hotspot\share\interpreter\linkResolver.cpp, line 759]
Event: 2.786 Thread 0x0000024d38f71210 Implicit null exception at 0x0000024d49c27830 to 0x0000024d49c279ec
Event: 2.797 Thread 0x0000024d38f71210 Exception <a 'java/lang/NoSuchMethodError'{0x0000000085467c58}: 'java.lang.Object java.lang.invoke.Invokers$Holder.invokeExact_MT(java.lang.Object, int, java.lang.Object)'> (0x0000000085467c58) 
thrown [s\open\src\hotspot\share\interpreter\linkResolver.cpp, line 759]
Event: 2.819 Thread 0x0000024d38f71210 Exception <a 'java/lang/NoSuchMethodError'{0x00000000854e0be8}: 'int java.lang.invoke.DirectMethodHandle$Holder.invokeSpecial(java.lang.Object, java.lang.Object, java.lang.Object, java.lang.Object)'> (0x00000000854e0be8) 
thrown [s\open\src\hotspot\share\interpreter\linkResolver.cpp, line 759]
Event: 3.523 Thread 0x0000024d38f71210 Exception <a 'java/lang/NoClassDefFoundError'{0x0000000084b6e760}: com/google/inject/servlet/ServletModuleTargetVisitor> (0x0000000084b6e760) 
thrown [s\open\src\hotspot\share\classfile\systemDictionary.cpp, line 245]
Event: 3.746 Thread 0x0000024d38f71210 Exception <a 'java/lang/NoSuchMethodError'{0x00000000849b0c08}: 'java.lang.Object java.lang.invoke.DirectMethodHandle$Holder.invokeStaticInit(java.lang.Object, int, int, int, int)'> (0x00000000849b0c08) 
thrown [s\open\src\hotspot\share\interpreter\linkResolver.cpp, line 759]
Event: 3.935 Thread 0x0000024d38f71210 Implicit null exception at 0x0000024d49be12f2 to 0x0000024d49be18bc
Event: 3.935 Thread 0x0000024d38f71210 Implicit null exception at 0x0000024d49bd87f2 to 0x0000024d49bd8dcc
Event: 4.096 Thread 0x0000024d38f71210 Exception <a 'java/lang/NoSuchMethodError'{0x0000000087b7f0d8}: 'void java.lang.invoke.DirectMethodHandle$Holder.invokeSpecial(java.lang.Object, java.lang.Object, java.lang.Object, java.lang.Object, java.lang.Object, java.lang.Object)'> (0x0000000087b7f0d8) 
thrown [s\open\src\hotspot\share\interpreter\linkResolver.cpp, line 759]
Event: 4.159 Thread 0x0000024d38f71210 Exception <a 'java/lang/NoSuchMethodError'{0x0000000087ac5df8}: 'java.lang.Object java.lang.invoke.DirectMethodHandle$Holder.invokeVirtual(java.lang.Object, java.lang.Object, java.lang.Object)'> (0x0000000087ac5df8) 
thrown [s\open\src\hotspot\share\interpreter\linkResolver.cpp, line 759]
Event: 5.338 Thread 0x0000024d38f71210 Exception <a 'java/lang/NoSuchMethodError'{0x0000000085f2fe28}: 'void java.lang.invoke.DirectMethodHandle$Holder.invokeStatic(java.lang.Object, java.lang.Object, java.lang.Object, java.lang.Object)'> (0x0000000085f2fe28) 
thrown [s\open\src\hotspot\share\interpreter\linkResolver.cpp, line 759]
Event: 5.341 Thread 0x0000024d38f71210 Exception <a 'java/lang/NoSuchMethodError'{0x0000000085f4c330}: 'int java.lang.invoke.DirectMethodHandle$Holder.invokeSpecialIFC(java.lang.Object, java.lang.Object, java.lang.Object, java.lang.Object)'> (0x0000000085f4c330) 
thrown [s\open\src\hotspot\share\interpreter\linkResolver.cpp, line 759]

VM Operations (20 events):
Event: 3.414 Executing VM operation: ICBufferFull
Event: 3.415 Executing VM operation: ICBufferFull done
Event: 3.488 Executing VM operation: HandshakeAllThreads
Event: 3.488 Executing VM operation: HandshakeAllThreads done
Event: 3.638 Executing VM operation: HandshakeAllThreads
Event: 3.638 Executing VM operation: HandshakeAllThreads done
Event: 3.728 Executing VM operation: HandshakeAllThreads
Event: 3.728 Executing VM operation: HandshakeAllThreads done
Event: 3.761 Executing VM operation: G1CollectForAllocation
Event: 3.782 Executing VM operation: G1CollectForAllocation done
Event: 3.851 Executing VM operation: HandshakeAllThreads
Event: 3.851 Executing VM operation: HandshakeAllThreads done
Event: 3.852 Executing VM operation: HandshakeAllThreads
Event: 3.852 Executing VM operation: HandshakeAllThreads done
Event: 4.862 Executing VM operation: Cleanup
Event: 4.864 Executing VM operation: Cleanup done
Event: 5.135 Executing VM operation: HandshakeAllThreads
Event: 5.136 Executing VM operation: HandshakeAllThreads done
Event: 5.414 Executing VM operation: ICBufferFull
Event: 5.414 Executing VM operation: ICBufferFull done

Events (20 events):
Event: 4.184 loading class sun/util/resources/LocaleData$CommonResourceBundleProvider
Event: 4.184 loading class sun/util/resources/LocaleData$LocaleDataResourceBundleProvider
Event: 4.184 loading class java/util/spi/ResourceBundleProvider
Event: 4.184 loading class java/util/spi/ResourceBundleProvider done
Event: 4.184 loading class sun/util/resources/LocaleData$LocaleDataResourceBundleProvider done
Event: 4.184 loading class sun/util/resources/LocaleData$CommonResourceBundleProvider done
Event: 4.184 loading class sun/util/resources/Bundles$2
Event: 4.184 loading class sun/util/resources/Bundles$2 done
Event: 4.584 loading class java/util/stream/Streams$RangeIntSpliterator
Event: 4.584 loading class java/util/stream/Streams$RangeIntSpliterator done
Event: 5.196 loading class java/util/stream/MatchOps$MatchKind
Event: 5.196 loading class java/util/stream/MatchOps$MatchKind done
Event: 5.196 loading class java/util/stream/MatchOps
Event: 5.196 loading class java/util/stream/MatchOps done
Event: 5.196 loading class java/util/stream/MatchOps$MatchOp
Event: 5.196 loading class java/util/stream/MatchOps$MatchOp done
Event: 5.201 loading class java/util/stream/MatchOps$BooleanTerminalSink
Event: 5.201 loading class java/util/stream/MatchOps$BooleanTerminalSink done
Event: 5.201 loading class java/util/stream/MatchOps$1MatchSink
Event: 5.201 loading class java/util/stream/MatchOps$1MatchSink done


Dynamic libraries:
0x00007ff7bb3c0000 - 0x00007ff7bb3d0000 	C:\Program Files\Java\jdk-17.0.18\bin\java.exe
0x00007ffb7d760000 - 0x00007ffb7d9c7000 	C:\WINDOWS\SYSTEM32\ntdll.dll
0x00007ffb7c670000 - 0x00007ffb7c739000 	C:\WINDOWS\System32\KERNEL32.DLL
0x00007ffb7a970000 - 0x00007ffb7ad61000 	C:\WINDOWS\System32\KERNELBASE.dll
0x00007ffb7af10000 - 0x00007ffb7b05b000 	C:\WINDOWS\System32\ucrtbase.dll
0x00007ffb667f0000 - 0x00007ffb66809000 	C:\Program Files\Java\jdk-17.0.18\bin\jli.dll
0x00007ffb7bf30000 - 0x00007ffb7bfeb000 	C:\WINDOWS\System32\ADVAPI32.dll
0x00007ffb7c4a0000 - 0x00007ffb7c549000 	C:\WINDOWS\System32\msvcrt.dll
0x00007ffb7d070000 - 0x00007ffb7d117000 	C:\WINDOWS\System32\sechost.dll
0x00007ffb7d3a0000 - 0x00007ffb7d4b8000 	C:\WINDOWS\System32\RPCRT4.dll
0x00007ffb7d550000 - 0x00007ffb7d715000 	C:\WINDOWS\System32\USER32.dll
0x00007ffb7ad70000 - 0x00007ffb7ad97000 	C:\WINDOWS\System32\win32u.dll
0x00007ffb7b970000 - 0x00007ffb7b99b000 	C:\WINDOWS\System32\GDI32.dll
0x00007ffb667d0000 - 0x00007ffb667ee000 	C:\Program Files\Java\jdk-17.0.18\bin\VCRUNTIME140.dll
0x00007ffb67340000 - 0x00007ffb675d3000 	C:\WINDOWS\WinSxS\amd64_microsoft.windows.common-controls_6595b64144ccf1df_6.0.26100.8037_none_3e092faae333b53b\COMCTL32.dll
0x00007ffb7b3d0000 - 0x00007ffb7b4fb000 	C:\WINDOWS\System32\gdi32full.dll
0x00007ffb7b320000 - 0x00007ffb7b3c3000 	C:\WINDOWS\System32\msvcp_win.dll
0x00007ffb6eb20000 - 0x00007ffb6eb2b000 	C:\WINDOWS\SYSTEM32\VERSION.dll
0x00007ffb7c460000 - 0x00007ffb7c491000 	C:\WINDOWS\System32\IMM32.DLL
0x00007ffb6cb20000 - 0x00007ffb6cb2c000 	C:\Program Files\Java\jdk-17.0.18\bin\vcruntime140_1.dll
0x00007ffb4e360000 - 0x00007ffb4e3ed000 	C:\Program Files\Java\jdk-17.0.18\bin\msvcp140.dll
0x00007ffaeb1e0000 - 0x00007ffaebdc4000 	C:\Program Files\Java\jdk-17.0.18\bin\server\jvm.dll
0x00007ffb7d4c0000 - 0x00007ffb7d4c8000 	C:\WINDOWS\System32\PSAPI.DLL
0x00007ffb6cfa0000 - 0x00007ffb6cfaa000 	C:\WINDOWS\SYSTEM32\WSOCK32.dll
0x00007ffb7b500000 - 0x00007ffb7b574000 	C:\WINDOWS\System32\WS2_32.dll
0x00007ffb6e7f0000 - 0x00007ffb6e825000 	C:\WINDOWS\SYSTEM32\WINMM.dll
0x00007ffb78dd0000 - 0x00007ffb78deb000 	C:\WINDOWS\SYSTEM32\kernel.appcore.dll
0x00007ffb6b2e0000 - 0x00007ffb6b2ea000 	C:\Program Files\Java\jdk-17.0.18\bin\jimage.dll
0x00007ffb6e5a0000 - 0x00007ffb6e7e2000 	C:\WINDOWS\SYSTEM32\DBGHELP.DLL
0x00007ffb7b580000 - 0x00007ffb7b902000 	C:\WINDOWS\System32\combase.dll
0x00007ffb7be30000 - 0x00007ffb7bf07000 	C:\WINDOWS\System32\OLEAUT32.dll
0x00007ffb6e3a0000 - 0x00007ffb6e3db000 	C:\WINDOWS\SYSTEM32\dbgcore.DLL
0x00007ffb7b0f0000 - 0x00007ffb7b195000 	C:\WINDOWS\System32\bcryptPrimitives.dll
0x00007ffb5f180000 - 0x00007ffb5f1a6000 	C:\Program Files\Java\jdk-17.0.18\bin\java.dll
0x00007ffb3b930000 - 0x00007ffb3ba07000 	C:\Program Files\Java\jdk-17.0.18\bin\jsvml.dll
0x00007ffb7c900000 - 0x00007ffb7d05f000 	C:\WINDOWS\System32\SHELL32.dll
0x00007ffb7ada0000 - 0x00007ffb7af0a000 	C:\WINDOWS\System32\wintypes.dll
0x00007ffb7a040000 - 0x00007ffb7a8a4000 	C:\WINDOWS\System32\windows.storage.dll
0x00007ffb7c100000 - 0x00007ffb7c1f7000 	C:\WINDOWS\System32\SHCORE.dll
0x00007ffb7d330000 - 0x00007ffb7d397000 	C:\WINDOWS\System32\shlwapi.dll
0x00007ffb79f30000 - 0x00007ffb79f59000 	C:\WINDOWS\SYSTEM32\profapi.dll
0x00007ffb65ff0000 - 0x00007ffb6600b000 	C:\Program Files\Java\jdk-17.0.18\bin\net.dll
0x00007ffb748d0000 - 0x00007ffb749f7000 	C:\WINDOWS\SYSTEM32\WINHTTP.dll
0x00007ffb79340000 - 0x00007ffb793ab000 	C:\WINDOWS\system32\mswsock.dll
0x00007ffb65ca0000 - 0x00007ffb65cb6000 	C:\Program Files\Java\jdk-17.0.18\bin\nio.dll
0x00007ffb65ad0000 - 0x00007ffb65ae8000 	C:\Program Files\Java\jdk-17.0.18\bin\zip.dll
0x00007ffb65aa0000 - 0x00007ffb65ac4000 	C:\Users\yangx\.m2\wrapper\dists\apache-maven-3.9.12\59fe215c0ad6947fea90184bf7add084544567b927287592651fda3782e0e798\lib\jansi-native\Windows\x86_64\jansi.dll
0x00007ffb685a0000 - 0x00007ffb685b0000 	C:\Program Files\Java\jdk-17.0.18\bin\verify.dll

dbghelp: loaded successfully - version: 4.0.5 - missing functions: none
symbol engine: initialized successfully - sym options: 0x614 - pdb path: .;C:\Program Files\Java\jdk-17.0.18\bin;C:\WINDOWS\SYSTEM32;C:\WINDOWS\WinSxS\amd64_microsoft.windows.common-controls_6595b64144ccf1df_6.0.26100.8037_none_3e092faae333b53b;C:\Program Files\Java\jdk-17.0.18\bin\server;C:\Users\yangx\.m2\wrapper\dists\apache-maven-3.9.12\59fe215c0ad6947fea90184bf7add084544567b927287592651fda3782e0e798\lib\jansi-native\Windows\x86_64

VM Arguments:
jvm_args: --enable-native-access=ALL-UNNAMED -Dclassworlds.conf=C:\Users\yangx\.m2\wrapper\dists\apache-maven-3.9.12\59fe215c0ad6947fea90184bf7add084544567b927287592651fda3782e0e798\bin\m2.conf -Dmaven.home=C:\Users\yangx\.m2\wrapper\dists\apache-maven-3.9.12\59fe215c0ad6947fea90184bf7add084544567b927287592651fda3782e0e798 -Dlibrary.jansi.path=C:\Users\yangx\.m2\wrapper\dists\apache-maven-3.9.12\59fe215c0ad6947fea90184bf7add084544567b927287592651fda3782e0e798\lib\jansi-native -Dmaven.multiModuleProjectDirectory=C:\Users\yangx\Desktop\Developing\AutoAttend\atuo_attend_backend 
java_command: org.codehaus.plexus.classworlds.launcher.Launcher -q -DskipTests compile
java_class_path (initial): C:\Users\yangx\.m2\wrapper\dists\apache-maven-3.9.12\59fe215c0ad6947fea90184bf7add084544567b927287592651fda3782e0e798\boot\plexus-classworlds-2.9.0.jar
Launcher Type: SUN_STANDARD

[Global flags]
     intx CICompilerCount                          = 2                                         {product} {ergonomic}
     uint ConcGCThreads                            = 1                                         {product} {ergonomic}
     uint G1ConcRefinementThreads                  = 2                                         {product} {ergonomic}
   size_t G1HeapRegionSize                         = 1048576                                   {product} {ergonomic}
    uintx GCDrainStackTargetSize                   = 64                                        {product} {ergonomic}
   size_t InitialHeapSize                          = 134217728                                 {product} {ergonomic}
   size_t MarkStackSize                            = 4194304                                   {product} {ergonomic}
   size_t MaxHeapSize                              = 2147483648                                {product} {ergonomic}
   size_t MaxNewSize                               = 1287651328                                {product} {ergonomic}
   size_t MinHeapDeltaBytes                        = 1048576                                   {product} {ergonomic}
   size_t MinHeapSize                              = 8388608                                   {product} {ergonomic}
    uintx NonNMethodCodeHeapSize                   = 5826188                                {pd product} {ergonomic}
    uintx NonProfiledCodeHeapSize                  = 122916026                              {pd product} {ergonomic}
    uintx ProfiledCodeHeapSize                     = 122916026                              {pd product} {ergonomic}
    uintx ReservedCodeCacheSize                    = 251658240                              {pd product} {ergonomic}
     bool SegmentedCodeCache                       = true                                      {product} {ergonomic}
   size_t SoftMaxHeapSize                          = 2147483648                             {manageable} {ergonomic}
     bool UseCompressedClassPointers               = true                           {product lp64_product} {ergonomic}
     bool UseCompressedOops                        = true                           {product lp64_product} {ergonomic}
     bool UseG1GC                                  = true                                      {product} {ergonomic}
     bool UseLargePagesIndividualAllocation        = false                                  {pd product} {ergonomic}

Logging:
Log output configuration:
 #0: stdout all=warning uptime,level,tags
 #1: stderr all=off uptime,level,tags

Environment Variables:
PATH=C:\Program Files\Common Files\Oracle\Java\javapath;C:\WINDOWS\system32;C:\WINDOWS;C:\WINDOWS\System32\Wbem;C:\WINDOWS\System32\WindowsPowerShell\v1.0\;C:\WINDOWS\System32\OpenSSH\;C:\Program Files\Git\cmd;C:\Users\yangx\nodejs\;C:\Users\yangx\AppData\Local\Programs\Python\Python313\Scripts\;C:\Users\yangx\AppData\Local\Programs\Python\Python313\;C:\Users\yangx\AppData\Local\Programs\Python\Launcher\;C:\Users\yangx\AppData\Local\Microsoft\WindowsApps;C:\Users\yangx\AppData\Local\Programs\cursor\resources\app\bin;C:\Users\yangx\AppData\Local\Programs\Microsoft VS Code\bin;C:\Users\yangx\AppData\Roaming\npm
USERNAME=yangx
LANG=zh_CN.UTF-8
LC_ALL=zh_CN.UTF-8
OS=Windows_NT
PROCESSOR_IDENTIFIER=Intel64 Family 6 Model 154 Stepping 3, GenuineIntel



---------------  S Y S T E M  ---------------

OS:
 Windows 11 , 64 bit Build 26100 (10.0.26100.7920)
OS uptime: 1 days 15:22 hours
VMWare virtualization detected

CPU: total 2 (initial active 2) (2 cores per cpu, 1 threads per core) family 6 model 154 stepping 3 microcode 0xffffffff, cx8, cmov, fxsr, mmx, 3dnowpref, sse, sse2, sse3, ssse3, sse4.1, sse4.2, popcnt, lzcnt, tsc, tscinvbit, avx, avx2, aes, erms, clmul, bmi1, bmi2, adx, sha, fma, vzeroupper, clflush, clflushopt, clwb, hv

Memory: 4k page, system-wide physical 8190M (783M free)
TotalPageFile size 16250M (AvailPageFile size 4M)
current process WorkingSet (physical memory assigned to process): 144M, peak: 144M
current process commit charge ("private bytes"): 239M, peak: 240M

vm_info: Java HotSpot(TM) 64-Bit Server VM (17.0.18+8-LTS-264) for windows-amd64 JRE (17.0.18+8-LTS-264), built on Dec 18 2025 09:51:58 by "mach5run" with MS VC++ 17.13 (VS2022)

END.
